d:\нгту\свое\nnlib\nnlib\debug\nnlib.pch
d:\нгту\свое\nnlib\nnlib\debug\nnlib.pdb
d:\нгту\свое\nnlib\nnlib\debug\nnlib.idb
d:\нгту\свое\nnlib\nnlib\debug\pch.obj
d:\нгту\свое\nnlib\nnlib\debug\nnlib.obj
d:\нгту\свое\nnlib\nnlib\debug\neuralnetwork.obj
d:\нгту\свое\nnlib\debug\nnlib.lib
d:\dmitriy\studing\нгту\хакатончики\energomach\nnlib\nnlib\debug\neuralnetwork.obj
d:\dmitriy\studing\нгту\хакатончики\energomach\nnlib\nnlib\debug\nnlib.obj
d:\dmitriy\studing\нгту\хакатончики\energomach\nnlib\nnlib\debug\pch.obj
d:\dmitriy\studing\нгту\хакатончики\energomach\nnlib\nnlib\debug\nnlib.pch
d:\dmitriy\studing\нгту\хакатончики\energomach\nnlib\nnlib\debug\nnlib.idb
d:\dmitriy\studing\нгту\хакатончики\energomach\nnlib\nnlib\debug\nnlib.pdb
d:\dmitriy\studing\нгту\хакатончики\energomach\nnlib\debug\nnlib.lib
d:\dmitriy\studing\нгту\хакатончики\energomach\nnlib\nnlib\debug\nnlib.tlog\cl.command.1.tlog
d:\dmitriy\studing\нгту\хакатончики\energomach\nnlib\nnlib\debug\nnlib.tlog\cl.read.1.tlog
d:\dmitriy\studing\нгту\хакатончики\energomach\nnlib\nnlib\debug\nnlib.tlog\cl.write.1.tlog
d:\dmitriy\studing\нгту\хакатончики\energomach\nnlib\nnlib\debug\nnlib.tlog\lib-link.read.1.tlog
d:\dmitriy\studing\нгту\хакатончики\energomach\nnlib\nnlib\debug\nnlib.tlog\lib-link.write.1.tlog
d:\dmitriy\studing\нгту\хакатончики\energomach\nnlib\nnlib\debug\nnlib.tlog\lib.command.1.tlog
